Traceback (most recent call last):
  File "C:\Users\Jim\anaconda3\envs\jupyter-book\lib\site-packages\jupyter_cache\executors\utils.py", line 56, in single_nb_execution
    record_timing=False,
  File "C:\Users\Jim\anaconda3\envs\jupyter-book\lib\site-packages\nbclient\client.py", line 1204, in execute
    return NotebookClient(nb=nb, resources=resources, km=km, **kwargs).execute()
  File "C:\Users\Jim\anaconda3\envs\jupyter-book\lib\site-packages\nbclient\util.py", line 84, in wrapped
    return just_run(coro(*args, **kwargs))
  File "C:\Users\Jim\anaconda3\envs\jupyter-book\lib\site-packages\nbclient\util.py", line 62, in just_run
    return loop.run_until_complete(coro)
  File "C:\Users\Jim\anaconda3\envs\jupyter-book\lib\asyncio\base_events.py", line 587, in run_until_complete
    return future.result()
  File "C:\Users\Jim\anaconda3\envs\jupyter-book\lib\site-packages\nbclient\client.py", line 664, in async_execute
    cell, index, execution_count=self.code_cells_executed + 1
  File "C:\Users\Jim\anaconda3\envs\jupyter-book\lib\site-packages\nbclient\client.py", line 965, in async_execute_cell
    await self._check_raise_for_error(cell, cell_index, exec_reply)
  File "C:\Users\Jim\anaconda3\envs\jupyter-book\lib\site-packages\nbclient\client.py", line 862, in _check_raise_for_error
    raise CellExecutionError.from_cell_and_msg(cell, exec_reply_content)
nbclient.exceptions.CellExecutionError: An error occurred while executing the following cell:
------------------
# %matplotlib notebook
%matplotlib inline

from ipywidgets import interact, FloatSlider, interactive, fixed
import matplotlib.patches as mpatches
from matplotlib.collections import PatchCollection

# style="Simple,head_length=28,head_width=36,tail_width=20"
# arrow = arrow = mpatches.FancyArrowPatch((1,1), (3,3), arrowstyle=style)
# plt.gca().add_patch(arrow)

# plt.plot([1, 3], [1,3], "rx", markersize=15)
# plt.xlim(0, 6)
# plt.ylim(0, 6)
# plt.show()

#draws pdf of smampling means)
def draw_pdf_smeans(mu, sigma, sample_size, lower_cond, upper_cond):
    sigma_n = sigma/(math.sqrt(sample_size)) #std dev of sampling means
    x = np.linspace(-4*sigma_n + mu, 4*sigma_n + mu, 1000) #x-axis values
    y = norm.pdf(x, mu, sigma_n) # (x-values, location, scale) #norm function
    #plot
    fig, axs = plt.subplots()
    plt.plot(x, y)
    plt.fill_between(x, y, 0, where = (x > lower_cond) & (x < upper_cond),color = 'pink')
    plt.axvline(x=66.4, color='red', dashes=(3, 3), zorder=0,linewidth=1)
    plt.axvline(x=lower_cond, color='blue', dashes=(3, 3), zorder=0,linewidth=1)
    plt.xlabel('Density')
    plt.ylabel('Height')
    plt.text(lower_cond+.1,.6, r'$\bar{}=${}'.format(r'x',round(lower_cond,2)), fontsize=12)
    prob = 1-norm.cdf(lower_cond, loc=mu, scale=sigma_n)
    plt.text(67.5,.3, r'prob.={}'.format(round(prob,3)), fontsize=12)
    ##arrows
    style="Simple,head_length=15,head_width=15,tail_width=3"
    arrow = arrow = mpatches.FancyArrowPatch((68,.275), ((lower_cond+68)/2,
                                             norm.pdf((lower_cond+68.75)/2, mu, sigma_n)/2),
                                             arrowstyle=style)
    plt.gca().add_patch(arrow)
    plt.show()
    
## Generate our user interface.
# slider = widgets.FloatSlider(description='Sample mean', 
#                                 style = style, 
#                                 min=64.5, max=68.5, 
#                                 step = 0.1, value=67)

style ={'description_width': 'initial'};
interact_layout = Layout(display='flex',
                    align = 'center',
                    border='solid'
                    )

w = interactive(draw_pdf_smeans,
         mu = fixed(66.4),
         sigma = fixed(3.84),
         sample_size = fixed(50),
         upper_cond= fixed(66.4+4*3.84),
         lower_cond=FloatSlider(description='Sample mean', 
                                style = style, 
                                min=64.5, max=68.5, 
                                step = 0.1, value=67
                                ),
        );

# display(VBox([w.children[0],w.children[1]]))
#https://stackoverflow.com/questions/45464424/how-to-change-the-default-position-of-a-ipywidget-slider-to-the-side-of-a-matplo
display(VBox([plt.current_figure(),w]))
              
------------------

[1;31m---------------------------------------------------------------------------[0m
[1;31mAttributeError[0m                            Traceback (most recent call last)
[1;32m~\AppData\Local\Temp\ipykernel_252740\2320240599.py[0m in [0;36m<module>[1;34m[0m
[0;32m     65[0m [1;31m# display(VBox([w.children[0],w.children[1]]))[0m[1;33m[0m[1;33m[0m[1;33m[0m[0m
[0;32m     66[0m [1;31m#https://stackoverflow.com/questions/45464424/how-to-change-the-default-position-of-a-ipywidget-slider-to-the-side-of-a-matplo[0m[1;33m[0m[1;33m[0m[1;33m[0m[0m
[1;32m---> 67[1;33m [0mdisplay[0m[1;33m([0m[0mVBox[0m[1;33m([0m[1;33m[[0m[0mplt[0m[1;33m.[0m[0mcurrent_figure[0m[1;33m([0m[1;33m)[0m[1;33m,[0m[0mw[0m[1;33m][0m[1;33m)[0m[1;33m)[0m[1;33m[0m[1;33m[0m[0m
[0m[0;32m     68[0m [1;33m[0m[0m

[1;31mAttributeError[0m: module 'matplotlib.pyplot' has no attribute 'current_figure'
AttributeError: module 'matplotlib.pyplot' has no attribute 'current_figure'

